Arguments: 
  /usr/local/bin/node /usr/local/bin/yarn install

PATH: 
  /Users/rtomasi/.cargo/bin:/Users/rtomasi/.opam/4.02.3/bin:/Users/rtomasi/perl5/perlbrew/bin:/Library/Developer/Toolchains/swift-latest.xctoolchain/usr/bin:/Users/rtomasi/bin:/usr/local/bin:/usr/local/sbin:/usr/local/bin:/usr/bin:/bin:/usr/sbin:/sbin:/usr/local/share/dotnet:/Library/Frameworks/Mono.framework/Versions/Current/Commands:/Users/rtomasi/.git-commands:/Users/rtomasi/.cargo/bin

Yarn version: 
  1.0.1

Node version: 
  8.5.0

Platform: 
  darwin x64

npm manifest: 
  {
    "name": "yarn-offline",
    "private": true,
    "version": "1.0.0",
    "main": "index.js",
    "license": "MIT",
    "dependencies": {
      "biq": "git+ssh://git@gitlab.booking.com/design/biq.git",
      "left-pad": "^1.1.3",
      "preact": "^8.2.5",
      "underscore": "^1.8.3"
    }
  }

yarn manifest: 
  No manifest

Lockfile: 
  No lockfile

Trace: 
  Error: connect ECONNREFUSED 10.189.227.131:8080
      at Object._errnoException (util.js:1026:11)
      at _exceptionWithHostPort (util.js:1049:20)
      at TCPConnectWrap.afterConnect [as oncomplete] (net.js:1174:14)
